<?xml version="1.0" encoding="UTF-8"?>
<!-- Generated by org.testng.reporters.JUnitReportReporter -->
<testsuite hostname="DESKTOP-AOENI2B" failures="0" tests="22" name="com.juaracoding.ta.ProjectSiloam.step_definitions.RunnerTest" time="469.381" errors="1" timestamp="2022-12-28T16:58:10 WIB" skipped="0">
  <testcase classname="com.juaracoding.ta.ProjectSiloam.step_definitions.RunnerTest" name="runScenario" time="126.083"/>
  <system-out/>
  <testcase classname="com.juaracoding.ta.ProjectSiloam.step_definitions.RunnerTest" name="runScenario" time="15.160"/>
  <system-out/>
  <testcase classname="com.juaracoding.ta.ProjectSiloam.step_definitions.RunnerTest" name="runScenario" time="27.625"/>
  <system-out/>
  <testcase classname="com.juaracoding.ta.ProjectSiloam.step_definitions.RunnerTest" name="runScenario" time="21.718"/>
  <system-out/>
  <testcase classname="com.juaracoding.ta.ProjectSiloam.step_definitions.RunnerTest" name="runScenario" time="19.055"/>
  <system-out/>
  <testcase classname="com.juaracoding.ta.ProjectSiloam.step_definitions.RunnerTest" name="runScenario" time="21.532"/>
  <system-out/>
  <testcase classname="com.juaracoding.ta.ProjectSiloam.step_definitions.RunnerTest" name="runScenario" time="21.949"/>
  <system-out/>
  <testcase classname="com.juaracoding.ta.ProjectSiloam.step_definitions.RunnerTest" name="runScenario" time="18.087"/>
  <system-out/>
  <testcase classname="com.juaracoding.ta.ProjectSiloam.step_definitions.RunnerTest" name="runScenario" time="22.939"/>
  <system-out/>
  <testcase classname="com.juaracoding.ta.ProjectSiloam.step_definitions.RunnerTest" name="runScenario" time="24.457"/>
  <system-out/>
  <testcase classname="com.juaracoding.ta.ProjectSiloam.step_definitions.RunnerTest" name="runScenario" time="20.813"/>
  <system-out/>
  <testcase classname="com.juaracoding.ta.ProjectSiloam.step_definitions.RunnerTest" name="runScenario" time="11.376"/>
  <system-out/>
  <testcase classname="com.juaracoding.ta.ProjectSiloam.step_definitions.RunnerTest" name="runScenario" time="0.367">
    <error message="Index 21 out of bounds for length 21" type="java.lang.ArrayIndexOutOfBoundsException">
      <![CDATA[java.lang.ArrayIndexOutOfBoundsException: Index 21 out of bounds for length 21
at com.juaracoding.ta.ProjectSiloam.step_definitions.Hooks.setUp(Hooks.java:26)
]]>
    </error>
  </testcase> <!-- runScenario -->
  <system-out/>
  <testcase classname="com.juaracoding.ta.ProjectSiloam.step_definitions.RunnerTest" name="runScenario" time="1.296"/>
  <system-out/>
  <testcase classname="com.juaracoding.ta.ProjectSiloam.step_definitions.RunnerTest" name="runScenario" time="17.370"/>
  <system-out/>
  <testcase classname="com.juaracoding.ta.ProjectSiloam.step_definitions.RunnerTest" name="runScenario" time="13.202"/>
  <system-out/>
  <testcase classname="com.juaracoding.ta.ProjectSiloam.step_definitions.RunnerTest" name="runScenario" time="5.692"/>
  <system-out/>
  <testcase classname="com.juaracoding.ta.ProjectSiloam.step_definitions.RunnerTest" name="runScenario" time="3.082"/>
  <system-out/>
  <testcase classname="com.juaracoding.ta.ProjectSiloam.step_definitions.RunnerTest" name="runScenario" time="16.568"/>
  <system-out/>
  <testcase classname="com.juaracoding.ta.ProjectSiloam.step_definitions.RunnerTest" name="runScenario" time="26.941"/>
  <system-out/>
  <testcase classname="com.juaracoding.ta.ProjectSiloam.step_definitions.RunnerTest" name="runScenario" time="14.731"/>
  <system-out/>
  <testcase classname="com.juaracoding.ta.ProjectSiloam.step_definitions.RunnerTest" name="runScenario" time="19.338"/>
  <system-out/>
</testsuite> <!-- com.juaracoding.ta.ProjectSiloam.step_definitions.RunnerTest -->
